<?xml version="1.0" encoding="UTF-8"?>
<testsuite xmlns:xsi="http://www.w3.org/2001/XMLSchema-instance" xsi:noNamespaceSchemaLocation="https://maven.apache.org/surefire/maven-surefire-plugin/xsd/surefire-test-report.xsd" name="com.hawkeye.gateway.AppTest" time="0.049" tests="1" errors="0" skipped="0" failures="0">
  <properties>
    <property name="sun.desktop" value="windows"/>
    <property name="awt.toolkit" value="sun.awt.windows.WToolkit"/>
    <property name="file.encoding.pkg" value="sun.io"/>
    <property name="java.specification.version" value="1.8"/>
    <property name="sun.cpu.isalist" value="amd64"/>
    <property name="sun.jnu.encoding" value="GBK"/>
    <property name="java.class.path" value="C:\JAVA\workspace\hawkeye-gateway\target\test-classes;C:\JAVA\workspace\hawkeye-gateway\target\classes;C:\JAVA\maven\repo\org\springframework\cloud\spring-cloud-starter-gateway\2.2.3.RELEASE\spring-cloud-starter-gateway-2.2.3.RELEASE.jar;C:\JAVA\maven\repo\org\springframework\cloud\spring-cloud-starter\2.2.3.RELEASE\spring-cloud-starter-2.2.3.RELEASE.jar;C:\JAVA\maven\repo\org\springframework\boot\spring-boot-starter\2.3.0.RELEASE\spring-boot-starter-2.3.0.RELEASE.jar;C:\JAVA\maven\repo\org\springframework\boot\spring-boot\2.3.0.RELEASE\spring-boot-2.3.0.RELEASE.jar;C:\JAVA\maven\repo\org\springframework\spring-context\5.2.6.RELEASE\spring-context-5.2.6.RELEASE.jar;C:\JAVA\maven\repo\org\springframework\spring-aop\5.2.6.RELEASE\spring-aop-5.2.6.RELEASE.jar;C:\JAVA\maven\repo\org\springframework\spring-expression\5.2.6.RELEASE\spring-expression-5.2.6.RELEASE.jar;C:\JAVA\maven\repo\org\springframework\boot\spring-boot-autoconfigure\2.3.0.RELEASE\spring-boot-autoconfigure-2.3.0.RELEASE.jar;C:\JAVA\maven\repo\org\springframework\boot\spring-boot-starter-logging\2.3.0.RELEASE\spring-boot-starter-logging-2.3.0.RELEASE.jar;C:\JAVA\maven\repo\ch\qos\logback\logback-classic\1.2.3\logback-classic-1.2.3.jar;C:\JAVA\maven\repo\ch\qos\logback\logback-core\1.2.3\logback-core-1.2.3.jar;C:\JAVA\maven\repo\org\apache\logging\log4j\log4j-to-slf4j\2.13.2\log4j-to-slf4j-2.13.2.jar;C:\JAVA\maven\repo\org\apache\logging\log4j\log4j-api\2.13.2\log4j-api-2.13.2.jar;C:\JAVA\maven\repo\org\slf4j\jul-to-slf4j\1.7.30\jul-to-slf4j-1.7.30.jar;C:\JAVA\maven\repo\jakarta\annotation\jakarta.annotation-api\1.3.5\jakarta.annotation-api-1.3.5.jar;C:\JAVA\maven\repo\org\springframework\spring-core\5.2.6.RELEASE\spring-core-5.2.6.RELEASE.jar;C:\JAVA\maven\repo\org\springframework\spring-jcl\5.2.6.RELEASE\spring-jcl-5.2.6.RELEASE.jar;C:\JAVA\maven\repo\org\yaml\snakeyaml\1.26\snakeyaml-1.26.jar;C:\JAVA\maven\repo\org\springframework\cloud\spring-cloud-context\2.2.3.RELEASE\spring-cloud-context-2.2.3.RELEASE.jar;C:\JAVA\maven\repo\org\springframework\security\spring-security-crypto\5.3.2.RELEASE\spring-security-crypto-5.3.2.RELEASE.jar;C:\JAVA\maven\repo\org\springframework\cloud\spring-cloud-commons\2.2.3.RELEASE\spring-cloud-commons-2.2.3.RELEASE.jar;C:\JAVA\maven\repo\org\springframework\security\spring-security-rsa\1.0.9.RELEASE\spring-security-rsa-1.0.9.RELEASE.jar;C:\JAVA\maven\repo\org\bouncycastle\bcpkix-jdk15on\1.64\bcpkix-jdk15on-1.64.jar;C:\JAVA\maven\repo\org\bouncycastle\bcprov-jdk15on\1.64\bcprov-jdk15on-1.64.jar;C:\JAVA\maven\repo\org\springframework\cloud\spring-cloud-gateway-core\2.2.3.RELEASE\spring-cloud-gateway-core-2.2.3.RELEASE.jar;C:\JAVA\maven\repo\org\springframework\boot\spring-boot-starter-validation\2.3.0.RELEASE\spring-boot-starter-validation-2.3.0.RELEASE.jar;C:\JAVA\maven\repo\org\glassfish\jakarta.el\3.0.3\jakarta.el-3.0.3.jar;C:\JAVA\maven\repo\org\hibernate\validator\hibernate-validator\6.1.5.Final\hibernate-validator-6.1.5.Final.jar;C:\JAVA\maven\repo\jakarta\validation\jakarta.validation-api\2.0.2\jakarta.validation-api-2.0.2.jar;C:\JAVA\maven\repo\org\jboss\logging\jboss-logging\3.3.2.Final\jboss-logging-3.3.2.Final.jar;C:\JAVA\maven\repo\com\fasterxml\classmate\1.3.4\classmate-1.3.4.jar;C:\JAVA\maven\repo\io\projectreactor\addons\reactor-extra\3.3.3.RELEASE\reactor-extra-3.3.3.RELEASE.jar;C:\JAVA\maven\repo\io\projectreactor\reactor-core\3.3.4.RELEASE\reactor-core-3.3.4.RELEASE.jar;C:\JAVA\maven\repo\org\reactivestreams\reactive-streams\1.0.3\reactive-streams-1.0.3.jar;C:\JAVA\maven\repo\org\springframework\boot\spring-boot-starter-webflux\2.3.0.RELEASE\spring-boot-starter-webflux-2.3.0.RELEASE.jar;C:\JAVA\maven\repo\org\springframework\boot\spring-boot-starter-json\2.3.0.RELEASE\spring-boot-starter-json-2.3.0.RELEASE.jar;C:\JAVA\maven\repo\com\fasterxml\jackson\core\jackson-databind\2.11.0\jackson-databind-2.11.0.jar;C:\JAVA\maven\repo\com\fasterxml\jackson\core\jackson-annotations\2.11.0\jackson-annotations-2.11.0.jar;C:\JAVA\maven\repo\com\fasterxml\jackson\core\jackson-core\2.11.0\jackson-core-2.11.0.jar;C:\JAVA\maven\repo\com\fasterxml\jackson\datatype\jackson-datatype-jdk8\2.11.0\jackson-datatype-jdk8-2.11.0.jar;C:\JAVA\maven\repo\com\fasterxml\jackson\datatype\jackson-datatype-jsr310\2.11.0\jackson-datatype-jsr310-2.11.0.jar;C:\JAVA\maven\repo\com\fasterxml\jackson\module\jackson-module-parameter-names\2.11.0\jackson-module-parameter-names-2.11.0.jar;C:\JAVA\maven\repo\org\springframework\boot\spring-boot-starter-reactor-netty\2.3.0.RELEASE\spring-boot-starter-reactor-netty-2.3.0.RELEASE.jar;C:\JAVA\maven\repo\io\projectreactor\netty\reactor-netty\0.9.7.RELEASE\reactor-netty-0.9.7.RELEASE.jar;C:\JAVA\maven\repo\io\netty\netty-codec-http\4.1.49.Final\netty-codec-http-4.1.49.Final.jar;C:\JAVA\maven\repo\io\netty\netty-common\4.1.49.Final\netty-common-4.1.49.Final.jar;C:\JAVA\maven\repo\io\netty\netty-buffer\4.1.49.Final\netty-buffer-4.1.49.Final.jar;C:\JAVA\maven\repo\io\netty\netty-transport\4.1.49.Final\netty-transport-4.1.49.Final.jar;C:\JAVA\maven\repo\io\netty\netty-codec\4.1.49.Final\netty-codec-4.1.49.Final.jar;C:\JAVA\maven\repo\io\netty\netty-codec-http2\4.1.49.Final\netty-codec-http2-4.1.49.Final.jar;C:\JAVA\maven\repo\io\netty\netty-handler\4.1.49.Final\netty-handler-4.1.49.Final.jar;C:\JAVA\maven\repo\io\netty\netty-resolver\4.1.49.Final\netty-resolver-4.1.49.Final.jar;C:\JAVA\maven\repo\io\netty\netty-handler-proxy\4.1.49.Final\netty-handler-proxy-4.1.49.Final.jar;C:\JAVA\maven\repo\io\netty\netty-codec-socks\4.1.49.Final\netty-codec-socks-4.1.49.Final.jar;C:\JAVA\maven\repo\io\netty\netty-transport-native-epoll\4.1.49.Final\netty-transport-native-epoll-4.1.49.Final-linux-x86_64.jar;C:\JAVA\maven\repo\io\netty\netty-transport-native-unix-common\4.1.49.Final\netty-transport-native-unix-common-4.1.49.Final.jar;C:\JAVA\maven\repo\org\springframework\spring-web\5.2.6.RELEASE\spring-web-5.2.6.RELEASE.jar;C:\JAVA\maven\repo\org\springframework\spring-beans\5.2.6.RELEASE\spring-beans-5.2.6.RELEASE.jar;C:\JAVA\maven\repo\org\springframework\spring-webflux\5.2.6.RELEASE\spring-webflux-5.2.6.RELEASE.jar;C:\JAVA\maven\repo\org\synchronoss\cloud\nio-multipart-parser\1.1.0\nio-multipart-parser-1.1.0.jar;C:\JAVA\maven\repo\org\slf4j\slf4j-api\1.7.12\slf4j-api-1.7.12.jar;C:\JAVA\maven\repo\org\synchronoss\cloud\nio-stream-storage\1.1.3\nio-stream-storage-1.1.3.jar;C:\JAVA\maven\repo\junit\junit\4.11\junit-4.11.jar;C:\JAVA\maven\repo\org\hamcrest\hamcrest-core\1.3\hamcrest-core-1.3.jar;"/>
    <property name="java.vm.vendor" value="Oracle Corporation"/>
    <property name="sun.arch.data.model" value="64"/>
    <property name="user.variant" value=""/>
    <property name="java.vendor.url" value="http://java.oracle.com/"/>
    <property name="user.timezone" value="Asia/Shanghai"/>
    <property name="java.vm.specification.version" value="1.8"/>
    <property name="os.name" value="Windows 10"/>
    <property name="user.country" value="CN"/>
    <property name="sun.java.launcher" value="SUN_STANDARD"/>
    <property name="sun.boot.library.path" value="C:\Program Files\Java\jdk1.8.0_181\jre\bin"/>
    <property name="sun.java.command" value="C:\Users\lzy\AppData\Local\Temp\surefire8164993990630459885\surefirebooter2114013019162105001.jar C:\Users\lzy\AppData\Local\Temp\surefire8164993990630459885 2020-07-12T19-40-22_585-jvmRun1 surefire8989414549529864394tmp surefire_01382612293918991506tmp"/>
    <property name="surefire.test.class.path" value="C:\JAVA\workspace\hawkeye-gateway\target\test-classes;C:\JAVA\workspace\hawkeye-gateway\target\classes;C:\JAVA\maven\repo\org\springframework\cloud\spring-cloud-starter-gateway\2.2.3.RELEASE\spring-cloud-starter-gateway-2.2.3.RELEASE.jar;C:\JAVA\maven\repo\org\springframework\cloud\spring-cloud-starter\2.2.3.RELEASE\spring-cloud-starter-2.2.3.RELEASE.jar;C:\JAVA\maven\repo\org\springframework\boot\spring-boot-starter\2.3.0.RELEASE\spring-boot-starter-2.3.0.RELEASE.jar;C:\JAVA\maven\repo\org\springframework\boot\spring-boot\2.3.0.RELEASE\spring-boot-2.3.0.RELEASE.jar;C:\JAVA\maven\repo\org\springframework\spring-context\5.2.6.RELEASE\spring-context-5.2.6.RELEASE.jar;C:\JAVA\maven\repo\org\springframework\spring-aop\5.2.6.RELEASE\spring-aop-5.2.6.RELEASE.jar;C:\JAVA\maven\repo\org\springframework\spring-expression\5.2.6.RELEASE\spring-expression-5.2.6.RELEASE.jar;C:\JAVA\maven\repo\org\springframework\boot\spring-boot-autoconfigure\2.3.0.RELEASE\spring-boot-autoconfigure-2.3.0.RELEASE.jar;C:\JAVA\maven\repo\org\springframework\boot\spring-boot-starter-logging\2.3.0.RELEASE\spring-boot-starter-logging-2.3.0.RELEASE.jar;C:\JAVA\maven\repo\ch\qos\logback\logback-classic\1.2.3\logback-classic-1.2.3.jar;C:\JAVA\maven\repo\ch\qos\logback\logback-core\1.2.3\logback-core-1.2.3.jar;C:\JAVA\maven\repo\org\apache\logging\log4j\log4j-to-slf4j\2.13.2\log4j-to-slf4j-2.13.2.jar;C:\JAVA\maven\repo\org\apache\logging\log4j\log4j-api\2.13.2\log4j-api-2.13.2.jar;C:\JAVA\maven\repo\org\slf4j\jul-to-slf4j\1.7.30\jul-to-slf4j-1.7.30.jar;C:\JAVA\maven\repo\jakarta\annotation\jakarta.annotation-api\1.3.5\jakarta.annotation-api-1.3.5.jar;C:\JAVA\maven\repo\org\springframework\spring-core\5.2.6.RELEASE\spring-core-5.2.6.RELEASE.jar;C:\JAVA\maven\repo\org\springframework\spring-jcl\5.2.6.RELEASE\spring-jcl-5.2.6.RELEASE.jar;C:\JAVA\maven\repo\org\yaml\snakeyaml\1.26\snakeyaml-1.26.jar;C:\JAVA\maven\repo\org\springframework\cloud\spring-cloud-context\2.2.3.RELEASE\spring-cloud-context-2.2.3.RELEASE.jar;C:\JAVA\maven\repo\org\springframework\security\spring-security-crypto\5.3.2.RELEASE\spring-security-crypto-5.3.2.RELEASE.jar;C:\JAVA\maven\repo\org\springframework\cloud\spring-cloud-commons\2.2.3.RELEASE\spring-cloud-commons-2.2.3.RELEASE.jar;C:\JAVA\maven\repo\org\springframework\security\spring-security-rsa\1.0.9.RELEASE\spring-security-rsa-1.0.9.RELEASE.jar;C:\JAVA\maven\repo\org\bouncycastle\bcpkix-jdk15on\1.64\bcpkix-jdk15on-1.64.jar;C:\JAVA\maven\repo\org\bouncycastle\bcprov-jdk15on\1.64\bcprov-jdk15on-1.64.jar;C:\JAVA\maven\repo\org\springframework\cloud\spring-cloud-gateway-core\2.2.3.RELEASE\spring-cloud-gateway-core-2.2.3.RELEASE.jar;C:\JAVA\maven\repo\org\springframework\boot\spring-boot-starter-validation\2.3.0.RELEASE\spring-boot-starter-validation-2.3.0.RELEASE.jar;C:\JAVA\maven\repo\org\glassfish\jakarta.el\3.0.3\jakarta.el-3.0.3.jar;C:\JAVA\maven\repo\org\hibernate\validator\hibernate-validator\6.1.5.Final\hibernate-validator-6.1.5.Final.jar;C:\JAVA\maven\repo\jakarta\validation\jakarta.validation-api\2.0.2\jakarta.validation-api-2.0.2.jar;C:\JAVA\maven\repo\org\jboss\logging\jboss-logging\3.3.2.Final\jboss-logging-3.3.2.Final.jar;C:\JAVA\maven\repo\com\fasterxml\classmate\1.3.4\classmate-1.3.4.jar;C:\JAVA\maven\repo\io\projectreactor\addons\reactor-extra\3.3.3.RELEASE\reactor-extra-3.3.3.RELEASE.jar;C:\JAVA\maven\repo\io\projectreactor\reactor-core\3.3.4.RELEASE\reactor-core-3.3.4.RELEASE.jar;C:\JAVA\maven\repo\org\reactivestreams\reactive-streams\1.0.3\reactive-streams-1.0.3.jar;C:\JAVA\maven\repo\org\springframework\boot\spring-boot-starter-webflux\2.3.0.RELEASE\spring-boot-starter-webflux-2.3.0.RELEASE.jar;C:\JAVA\maven\repo\org\springframework\boot\spring-boot-starter-json\2.3.0.RELEASE\spring-boot-starter-json-2.3.0.RELEASE.jar;C:\JAVA\maven\repo\com\fasterxml\jackson\core\jackson-databind\2.11.0\jackson-databind-2.11.0.jar;C:\JAVA\maven\repo\com\fasterxml\jackson\core\jackson-annotations\2.11.0\jackson-annotations-2.11.0.jar;C:\JAVA\maven\repo\com\fasterxml\jackson\core\jackson-core\2.11.0\jackson-core-2.11.0.jar;C:\JAVA\maven\repo\com\fasterxml\jackson\datatype\jackson-datatype-jdk8\2.11.0\jackson-datatype-jdk8-2.11.0.jar;C:\JAVA\maven\repo\com\fasterxml\jackson\datatype\jackson-datatype-jsr310\2.11.0\jackson-datatype-jsr310-2.11.0.jar;C:\JAVA\maven\repo\com\fasterxml\jackson\module\jackson-module-parameter-names\2.11.0\jackson-module-parameter-names-2.11.0.jar;C:\JAVA\maven\repo\org\springframework\boot\spring-boot-starter-reactor-netty\2.3.0.RELEASE\spring-boot-starter-reactor-netty-2.3.0.RELEASE.jar;C:\JAVA\maven\repo\io\projectreactor\netty\reactor-netty\0.9.7.RELEASE\reactor-netty-0.9.7.RELEASE.jar;C:\JAVA\maven\repo\io\netty\netty-codec-http\4.1.49.Final\netty-codec-http-4.1.49.Final.jar;C:\JAVA\maven\repo\io\netty\netty-common\4.1.49.Final\netty-common-4.1.49.Final.jar;C:\JAVA\maven\repo\io\netty\netty-buffer\4.1.49.Final\netty-buffer-4.1.49.Final.jar;C:\JAVA\maven\repo\io\netty\netty-transport\4.1.49.Final\netty-transport-4.1.49.Final.jar;C:\JAVA\maven\repo\io\netty\netty-codec\4.1.49.Final\netty-codec-4.1.49.Final.jar;C:\JAVA\maven\repo\io\netty\netty-codec-http2\4.1.49.Final\netty-codec-http2-4.1.49.Final.jar;C:\JAVA\maven\repo\io\netty\netty-handler\4.1.49.Final\netty-handler-4.1.49.Final.jar;C:\JAVA\maven\repo\io\netty\netty-resolver\4.1.49.Final\netty-resolver-4.1.49.Final.jar;C:\JAVA\maven\repo\io\netty\netty-handler-proxy\4.1.49.Final\netty-handler-proxy-4.1.49.Final.jar;C:\JAVA\maven\repo\io\netty\netty-codec-socks\4.1.49.Final\netty-codec-socks-4.1.49.Final.jar;C:\JAVA\maven\repo\io\netty\netty-transport-native-epoll\4.1.49.Final\netty-transport-native-epoll-4.1.49.Final-linux-x86_64.jar;C:\JAVA\maven\repo\io\netty\netty-transport-native-unix-common\4.1.49.Final\netty-transport-native-unix-common-4.1.49.Final.jar;C:\JAVA\maven\repo\org\springframework\spring-web\5.2.6.RELEASE\spring-web-5.2.6.RELEASE.jar;C:\JAVA\maven\repo\org\springframework\spring-beans\5.2.6.RELEASE\spring-beans-5.2.6.RELEASE.jar;C:\JAVA\maven\repo\org\springframework\spring-webflux\5.2.6.RELEASE\spring-webflux-5.2.6.RELEASE.jar;C:\JAVA\maven\repo\org\synchronoss\cloud\nio-multipart-parser\1.1.0\nio-multipart-parser-1.1.0.jar;C:\JAVA\maven\repo\org\slf4j\slf4j-api\1.7.12\slf4j-api-1.7.12.jar;C:\JAVA\maven\repo\org\synchronoss\cloud\nio-stream-storage\1.1.3\nio-stream-storage-1.1.3.jar;C:\JAVA\maven\repo\junit\junit\4.11\junit-4.11.jar;C:\JAVA\maven\repo\org\hamcrest\hamcrest-core\1.3\hamcrest-core-1.3.jar;"/>
    <property name="sun.cpu.endian" value="little"/>
    <property name="user.home" value="C:\Users\lzy"/>
    <property name="user.language" value="zh"/>
    <property name="java.specification.vendor" value="Oracle Corporation"/>
    <property name="java.home" value="C:\Program Files\Java\jdk1.8.0_181\jre"/>
    <property name="basedir" value="C:\JAVA\workspace\hawkeye-gateway"/>
    <property name="file.separator" value="\"/>
    <property name="line.separator" value="&#10;"/>
    <property name="java.vm.specification.vendor" value="Oracle Corporation"/>
    <property name="java.specification.name" value="Java Platform API Specification"/>
    <property name="java.awt.graphicsenv" value="sun.awt.Win32GraphicsEnvironment"/>
    <property name="idea.version2020.1.2" value="true"/>
    <property name="surefire.real.class.path" value="C:\Users\lzy\AppData\Local\Temp\surefire8164993990630459885\surefirebooter2114013019162105001.jar"/>
    <property name="sun.boot.class.path" value="C:\Program Files\Java\jdk1.8.0_181\jre\lib\resources.jar;C:\Program Files\Java\jdk1.8.0_181\jre\lib\rt.jar;C:\Program Files\Java\jdk1.8.0_181\jre\lib\sunrsasign.jar;C:\Program Files\Java\jdk1.8.0_181\jre\lib\jsse.jar;C:\Program Files\Java\jdk1.8.0_181\jre\lib\jce.jar;C:\Program Files\Java\jdk1.8.0_181\jre\lib\charsets.jar;C:\Program Files\Java\jdk1.8.0_181\jre\lib\jfr.jar;C:\Program Files\Java\jdk1.8.0_181\jre\classes"/>
    <property name="user.script" value=""/>
    <property name="sun.management.compiler" value="HotSpot 64-Bit Tiered Compilers"/>
    <property name="java.runtime.version" value="1.8.0_181-b13"/>
    <property name="user.name" value="lzy"/>
    <property name="path.separator" value=";"/>
    <property name="os.version" value="10.0"/>
    <property name="java.endorsed.dirs" value="C:\Program Files\Java\jdk1.8.0_181\jre\lib\endorsed"/>
    <property name="java.runtime.name" value="Java(TM) SE Runtime Environment"/>
    <property name="file.encoding" value="GBK"/>
    <property name="java.vm.name" value="Java HotSpot(TM) 64-Bit Server VM"/>
    <property name="localRepository" value="C:\JAVA\maven\repo"/>
    <property name="java.vendor.url.bug" value="http://bugreport.sun.com/bugreport/"/>
    <property name="java.io.tmpdir" value="C:\Users\lzy\AppData\Local\Temp\"/>
    <property name="java.version" value="1.8.0_181"/>
    <property name="user.dir" value="C:\JAVA\workspace\hawkeye-gateway"/>
    <property name="os.arch" value="amd64"/>
    <property name="java.vm.specification.name" value="Java Virtual Machine Specification"/>
    <property name="java.awt.printerjob" value="sun.awt.windows.WPrinterJob"/>
    <property name="sun.os.patch.level" value=""/>
    <property name="java.library.path" value="C:\Program Files\Java\jdk1.8.0_181\jre\bin;C:\WINDOWS\Sun\Java\bin;C:\WINDOWS\system32;C:\WINDOWS;C:\Program Files (x86)\Common Files\Oracle\Java\javapath;C:\Program Files (x86)\Intel\iCLS Client\;C:\Program Files\Intel\iCLS Client\;C:\Windows\system32;C:\Windows;C:\Windows\System32\Wbem;C:\Windows\System32\WindowsPowerShell\v1.0\;C:\Program Files (x86)\NVIDIA Corporation\PhysX\Common;C:\Program Files (x86)\Intel\Intel(R) Management Engine Components\DAL;C:\Program Files\Intel\Intel(R) Management Engine Components\DAL;C:\Program Files (x86)\Intel\Intel(R) Management Engine Components\IPT;C:\Program Files\Intel\Intel(R) Management Engine Components\IPT;C:\Program Files\Java\jdk1.8.0_181\bin;C:\Program Files\Java\jdk1.8.0_181\jre\bin;C:\JAVA\maven\apache-maven-3.5.4\bin;C:\WINDOWS\system32;C:\WINDOWS;C:\WINDOWS\System32\Wbem;C:\WINDOWS\System32\WindowsPowerShell\v1.0\;C:\WINDOWS\System32\OpenSSH\;C:\JAVA\git\Git\cmd;C:\Users\lzy\AppData\Local\Microsoft\WindowsApps;;."/>
    <property name="java.vm.info" value="mixed mode"/>
    <property name="java.vendor" value="Oracle Corporation"/>
    <property name="java.vm.version" value="25.181-b13"/>
    <property name="java.ext.dirs" value="C:\Program Files\Java\jdk1.8.0_181\jre\lib\ext;C:\WINDOWS\Sun\Java\lib\ext"/>
    <property name="sun.io.unicode.encoding" value="UnicodeLittle"/>
    <property name="java.class.version" value="52.0"/>
  </properties>
  <testcase name="shouldAnswerWithTrue" classname="com.hawkeye.gateway.AppTest" time="0.002"/>
</testsuite>